# JRE version: OpenJDK Runtime Environment (8.0_202-b03) (build 1.8.0_202-release-1483-b03)
# Java VM: OpenJDK 64-Bit Server VM (25.202-b03 mixed mode windows-amd64 compressed oops)
Heap:
 PSYoungGen      total 76288K, used 12432K [0x00000000e0000000, 0x00000000e7300000, 0x0000000100000000)
  eden space 65536K, 3% used [0x00000000e0000000,0x00000000e024cf58,0x00000000e4000000)
  from space 10752K, 93% used [0x00000000e4000000,0x00000000e49d7218,0x00000000e4a80000)
  to   space 10752K, 0% used [0x00000000e4a80000,0x00000000e4a80000,0x00000000e5500000)
 ParOldGen       total 112640K, used 11950K [0x00000000a0000000, 0x00000000a6e00000, 0x00000000e0000000)
  object space 112640K, 10% used [0x00000000a0000000,0x00000000a0babab0,0x00000000a6e00000)
 Metaspace       used 32114K, capacity 32934K, committed 33152K, reserved 1077248K
  class space    used 4477K, capacity 4700K, committed 4736K, reserved 1048576K
GC Heap History (10 events):
Event: 2.773 GC heap before
{Heap before GC invocations=2 (full 0):
 PSYoungGen      total 76288K, used 72426K [0x00000000e0000000, 0x00000000e5500000, 0x0000000100000000)
  eden space 65536K, 100% used [0x00000000e0000000,0x00000000e4000000,0x00000000e4000000)
  from space 10752K, 64% used [0x00000000e4000000,0x00000000e46bab48,0x00000000e4a80000)
  to   space 10752K, 0% used [0x00000000e4a80000,0x00000000e4a80000,0x00000000e5500000)
 ParOldGen       total 175104K, used 16K [0x00000000a0000000, 0x00000000aab00000, 0x00000000e0000000)
  object space 175104K, 0% used [0x00000000a0000000,0x00000000a0004020,0x00000000aab00000)
 Metaspace       used 15390K, capacity 15868K, committed 16000K, reserved 1062912K
  class space    used 2171K, capacity 2332K, committed 2432K, reserved 1048576K
Event: 2.783 GC heap after
Heap after GC invocations=2 (full 0):
 PSYoungGen      total 76288K, used 10132K [0x00000000e0000000, 0x00000000e5500000, 0x0000000100000000)
  eden space 65536K, 0% used [0x00000000e0000000,0x00000000e0000000,0x00000000e4000000)
  from space 10752K, 94% used [0x00000000e4a80000,0x00000000e5465300,0x00000000e5500000)
  to   space 10752K, 0% used [0x00000000e4000000,0x00000000e4000000,0x00000000e4a80000)
 ParOldGen       total 175104K, used 24K [0x00000000a0000000, 0x00000000aab00000, 0x00000000e0000000)
  object space 175104K, 0% used [0x00000000a0000000,0x00000000a0006020,0x00000000aab00000)
 Metaspace       used 15390K, capacity 15868K, committed 16000K, reserved 1062912K
  class space    used 2171K, capacity 2332K, committed 2432K, reserved 1048576K
}
Event: 3.431 GC heap before
{Heap before GC invocations=3 (full 0):
 PSYoungGen      total 76288K, used 66169K [0x00000000e0000000, 0x00000000e5500000, 0x0000000100000000)
  eden space 65536K, 85% used [0x00000000e0000000,0x00000000e36b9180,0x00000000e4000000)
  from space 10752K, 94% used [0x00000000e4a80000,0x00000000e5465300,0x00000000e5500000)
  to   space 10752K, 0% used [0x00000000e4000000,0x00000000e4000000,0x00000000e4a80000)
 ParOldGen       total 175104K, used 24K [0x00000000a0000000, 0x00000000aab00000, 0x00000000e0000000)
  object space 175104K, 0% used [0x00000000a0000000,0x00000000a0006020,0x00000000aab00000)
 Metaspace       used 20689K, capacity 21182K, committed 21296K, reserved 1067008K
  class space    used 2955K, capacity 3128K, committed 3200K, reserved 1048576K
Event: 3.444 GC heap after
Heap after GC invocations=3 (full 0):
 PSYoungGen      total 76288K, used 10734K [0x00000000e0000000, 0x00000000e5500000, 0x0000000100000000)
  eden space 65536K, 0% used [0x00000000e0000000,0x00000000e0000000,0x00000000e4000000)
  from space 10752K, 99% used [0x00000000e4000000,0x00000000e4a7b888,0x00000000e4a80000)
  to   space 10752K, 0% used [0x00000000e4a80000,0x00000000e4a80000,0x00000000e5500000)
 ParOldGen       total 175104K, used 1529K [0x00000000a0000000, 0x00000000aab00000, 0x00000000e0000000)
  object space 175104K, 0% used [0x00000000a0000000,0x00000000a017e7f0,0x00000000aab00000)
 Metaspace       used 20689K, capacity 21182K, committed 21296K, reserved 1067008K
  class space    used 2955K, capacity 3128K, committed 3200K, reserved 1048576K
}
Event: 3.444 GC heap before
{Heap before GC invocations=4 (full 1):
 PSYoungGen      total 76288K, used 10734K [0x00000000e0000000, 0x00000000e5500000, 0x0000000100000000)
  eden space 65536K, 0% used [0x00000000e0000000,0x00000000e0000000,0x00000000e4000000)
  from space 10752K, 99% used [0x00000000e4000000,0x00000000e4a7b888,0x00000000e4a80000)
  to   space 10752K, 0% used [0x00000000e4a80000,0x00000000e4a80000,0x00000000e5500000)
 ParOldGen       total 175104K, used 1529K [0x00000000a0000000, 0x00000000aab00000, 0x00000000e0000000)
  object space 175104K, 0% used [0x00000000a0000000,0x00000000a017e7f0,0x00000000aab00000)
 Metaspace       used 20689K, capacity 21182K, committed 21296K, reserved 1067008K
  class space    used 2955K, capacity 3128K, committed 3200K, reserved 1048576K
Event: 3.482 GC heap after
Heap after GC invocations=4 (full 1):
 PSYoungGen      total 76288K, used 0K [0x00000000e0000000, 0x00000000e5500000, 0x0000000100000000)
  eden space 65536K, 0% used [0x00000000e0000000,0x00000000e0000000,0x00000000e4000000)
  from space 10752K, 0% used [0x00000000e4000000,0x00000000e4000000,0x00000000e4a80000)
  to   space 10752K, 0% used [0x00000000e4a80000,0x00000000e4a80000,0x00000000e5500000)
 ParOldGen       total 112640K, used 11928K [0x00000000a0000000, 0x00000000a6e00000, 0x00000000e0000000)
  object space 112640K, 10% used [0x00000000a0000000,0x00000000a0ba62d0,0x00000000a6e00000)
 Metaspace       used 20689K, capacity 21182K, committed 21296K, reserved 1067008K
  class space    used 2955K, capacity 3128K, committed 3200K, reserved 1048576K
}
Event: 4.229 GC heap before
{Heap before GC invocations=5 (full 1):
 PSYoungGen      total 76288K, used 65536K [0x00000000e0000000, 0x00000000e5500000, 0x0000000100000000)
  eden space 65536K, 100% used [0x00000000e0000000,0x00000000e4000000,0x00000000e4000000)
  from space 10752K, 0% used [0x00000000e4000000,0x00000000e4000000,0x00000000e4a80000)
  to   space 10752K, 0% used [0x00000000e4a80000,0x00000000e4a80000,0x00000000e5500000)
 ParOldGen       total 112640K, used 11934K [0x00000000a0000000, 0x00000000a6e00000, 0x00000000e0000000)
  object space 112640K, 10% used [0x00000000a0000000,0x00000000a0ba7ab0,0x00000000a6e00000)
 Metaspace       used 28293K, capacity 28902K, committed 29056K, reserved 1075200K
  class space    used 3898K, capacity 4098K, committed 4224K, reserved 1048576K
Event: 4.234 GC heap after
Heap after GC invocations=5 (full 1):
 PSYoungGen      total 76288K, used 7655K [0x00000000e0000000, 0x00000000e7300000, 0x0000000100000000)
  eden space 65536K, 0% used [0x00000000e0000000,0x00000000e0000000,0x00000000e4000000)
  from space 10752K, 71% used [0x00000000e4a80000,0x00000000e51f9cc0,0x00000000e5500000)
  to   space 10752K, 0% used [0x00000000e4000000,0x00000000e4000000,0x00000000e4a80000)
 ParOldGen       total 112640K, used 11942K [0x00000000a0000000, 0x00000000a6e00000, 0x00000000e0000000)
  object space 112640K, 10% used [0x00000000a0000000,0x00000000a0ba9ab0,0x00000000a6e00000)
 Metaspace       used 28293K, capacity 28902K, committed 29056K, reserved 1075200K
  class space    used 3898K, capacity 4098K, committed 4224K, reserved 1048576K
}
Event: 4.824 GC heap before
{Heap before GC invocations=6 (full 1):
 PSYoungGen      total 76288K, used 73191K [0x00000000e0000000, 0x00000000e7300000, 0x0000000100000000)
  eden space 65536K, 100% used [0x00000000e0000000,0x00000000e4000000,0x00000000e4000000)
  from space 10752K, 71% used [0x00000000e4a80000,0x00000000e51f9cc0,0x00000000e5500000)
  to   space 10752K, 0% used [0x00000000e4000000,0x00000000e4000000,0x00000000e4a80000)
 ParOldGen       total 112640K, used 11942K [0x00000000a0000000, 0x00000000a6e00000, 0x00000000e0000000)
  object space 112640K, 10% used [0x00000000a0000000,0x00000000a0ba9ab0,0x00000000a6e00000)
 Metaspace       used 31964K, capacity 32806K, committed 32896K, reserved 1077248K
  class space    used 4472K, capacity 4700K, committed 4736K, reserved 1048576K
Event: 4.834 GC heap after
Heap after GC invocations=6 (full 1):
 PSYoungGen      total 76288K, used 10076K [0x00000000e0000000, 0x00000000e7300000, 0x0000000100000000)
  eden space 65536K, 0% used [0x00000000e0000000,0x00000000e0000000,0x00000000e4000000)
  from space 10752K, 93% used [0x00000000e4000000,0x00000000e49d7218,0x00000000e4a80000)
  to   space 10752K, 0% used [0x00000000e4a80000,0x00000000e4a80000,0x00000000e5500000)
 ParOldGen       total 112640K, used 11950K [0x00000000a0000000, 0x00000000a6e00000, 0x00000000e0000000)
  object space 112640K, 10% used [0x00000000a0000000,0x00000000a0babab0,0x00000000a6e00000)
 Metaspace       used 31964K, capacity 32806K, committed 32896K, reserved 1077248K
  class space    used 4472K, capacity 4700K, committed 4736K, reserved 1048576K
}

