# JRE version: OpenJDK Runtime Environment (8.0_202-b03) (build 1.8.0_202-release-1483-b03)
# Java VM: OpenJDK 64-Bit Server VM (25.202-b03 mixed mode windows-amd64 compressed oops)
Heap:
 PSYoungGen      total 425472K, used 72975K [0x00000000e0000000, 0x0000000100000000, 0x0000000100000000)
  eden space 360960K, 17% used [0x00000000e0000000,0x00000000e3d309b8,0x00000000f6080000)
  from space 64512K, 15% used [0x00000000f6080000,0x00000000f6a93428,0x00000000f9f80000)
  to   space 62976K, 0% used [0x00000000fc280000,0x00000000fc280000,0x0000000100000000)
 ParOldGen       total 471552K, used 181675K [0x00000000a0000000, 0x00000000bcc80000, 0x00000000e0000000)
  object space 471552K, 38% used [0x00000000a0000000,0x00000000ab16ac90,0x00000000bcc80000)
 Metaspace       used 78338K, capacity 81498K, committed 81624K, reserved 1120256K
  class space    used 10253K, capacity 10974K, committed 11008K, reserved 1048576K
GC Heap History (10 events):
Event: 22.175 GC heap before
{Heap before GC invocations=17 (full 3):
 PSYoungGen      total 225792K, used 225774K [0x00000000e0000000, 0x00000000f8480000, 0x0000000100000000)
  eden space 191488K, 100% used [0x00000000e0000000,0x00000000ebb00000,0x00000000ebb00000)
  from space 34304K, 99% used [0x00000000ebb00000,0x00000000edc7b880,0x00000000edc80000)
  to   space 67584K, 0% used [0x00000000f4280000,0x00000000f4280000,0x00000000f8480000)
 ParOldGen       total 238592K, used 135425K [0x00000000a0000000, 0x00000000ae900000, 0x00000000e0000000)
  object space 238592K, 56% used [0x00000000a0000000,0x00000000a8440730,0x00000000ae900000)
 Metaspace       used 75520K, capacity 78380K, committed 78552K, reserved 1118208K
  class space    used 9997K, capacity 10639K, committed 10752K, reserved 1048576K
Event: 22.276 GC heap after
Heap after GC invocations=17 (full 3):
 PSYoungGen      total 329216K, used 40149K [0x00000000e0000000, 0x00000000f8e80000, 0x0000000100000000)
  eden space 261632K, 0% used [0x00000000e0000000,0x00000000e0000000,0x00000000eff80000)
  from space 67584K, 59% used [0x00000000f4280000,0x00000000f69b5778,0x00000000f8480000)
  to   space 68608K, 0% used [0x00000000eff80000,0x00000000eff80000,0x00000000f4280000)
 ParOldGen       total 238592K, used 169704K [0x00000000a0000000, 0x00000000ae900000, 0x00000000e0000000)
  object space 238592K, 71% used [0x00000000a0000000,0x00000000aa5ba198,0x00000000ae900000)
 Metaspace       used 75520K, capacity 78380K, committed 78552K, reserved 1118208K
  class space    used 9997K, capacity 10639K, committed 10752K, reserved 1048576K
}
Event: 23.010 GC heap before
{Heap before GC invocations=18 (full 3):
 PSYoungGen      total 329216K, used 301781K [0x00000000e0000000, 0x00000000f8e80000, 0x0000000100000000)
  eden space 261632K, 100% used [0x00000000e0000000,0x00000000eff80000,0x00000000eff80000)
  from space 67584K, 59% used [0x00000000f4280000,0x00000000f69b5778,0x00000000f8480000)
  to   space 68608K, 0% used [0x00000000eff80000,0x00000000eff80000,0x00000000f4280000)
 ParOldGen       total 238592K, used 169704K [0x00000000a0000000, 0x00000000ae900000, 0x00000000e0000000)
  object space 238592K, 71% used [0x00000000a0000000,0x00000000aa5ba198,0x00000000ae900000)
 Metaspace       used 76943K, capacity 80180K, committed 80472K, reserved 1118208K
  class space    used 10132K, capacity 10811K, committed 10880K, reserved 1048576K
Event: 23.051 GC heap after
Heap after GC invocations=18 (full 3):
 PSYoungGen      total 330240K, used 8497K [0x00000000e0000000, 0x00000000feb80000, 0x0000000100000000)
  eden space 261632K, 0% used [0x00000000e0000000,0x00000000e0000000,0x00000000eff80000)
  from space 68608K, 12% used [0x00000000eff80000,0x00000000f07cc630,0x00000000f4280000)
  to   space 67584K, 0% used [0x00000000fa980000,0x00000000fa980000,0x00000000feb80000)
 ParOldGen       total 238592K, used 205345K [0x00000000a0000000, 0x00000000ae900000, 0x00000000e0000000)
  object space 238592K, 86% used [0x00000000a0000000,0x00000000ac8887e8,0x00000000ae900000)
 Metaspace       used 76943K, capacity 80180K, committed 80472K, reserved 1118208K
  class space    used 10132K, capacity 10811K, committed 10880K, reserved 1048576K
}
Event: 23.051 GC heap before
{Heap before GC invocations=19 (full 4):
 PSYoungGen      total 330240K, used 8497K [0x00000000e0000000, 0x00000000feb80000, 0x0000000100000000)
  eden space 261632K, 0% used [0x00000000e0000000,0x00000000e0000000,0x00000000eff80000)
  from space 68608K, 12% used [0x00000000eff80000,0x00000000f07cc630,0x00000000f4280000)
  to   space 67584K, 0% used [0x00000000fa980000,0x00000000fa980000,0x00000000feb80000)
 ParOldGen       total 238592K, used 205345K [0x00000000a0000000, 0x00000000ae900000, 0x00000000e0000000)
  object space 238592K, 86% used [0x00000000a0000000,0x00000000ac8887e8,0x00000000ae900000)
 Metaspace       used 76943K, capacity 80180K, committed 80472K, reserved 1118208K
  class space    used 10132K, capacity 10811K, committed 10880K, reserved 1048576K
Event: 23.503 GC heap after
Heap after GC invocations=19 (full 4):
 PSYoungGen      total 330240K, used 0K [0x00000000e0000000, 0x00000000feb80000, 0x0000000100000000)
  eden space 261632K, 0% used [0x00000000e0000000,0x00000000e0000000,0x00000000eff80000)
  from space 68608K, 0% used [0x00000000eff80000,0x00000000eff80000,0x00000000f4280000)
  to   space 67584K, 0% used [0x00000000fa980000,0x00000000fa980000,0x00000000feb80000)
 ParOldGen       total 471552K, used 178813K [0x00000000a0000000, 0x00000000bcc80000, 0x00000000e0000000)
  object space 471552K, 37% used [0x00000000a0000000,0x00000000aae9f640,0x00000000bcc80000)
 Metaspace       used 76854K, capacity 79960K, committed 80472K, reserved 1118208K
  class space    used 10101K, capacity 10757K, committed 10880K, reserved 1048576K
}
Event: 24.565 GC heap before
{Heap before GC invocations=20 (full 4):
 PSYoungGen      total 330240K, used 261632K [0x00000000e0000000, 0x00000000feb80000, 0x0000000100000000)
  eden space 261632K, 100% used [0x00000000e0000000,0x00000000eff80000,0x00000000eff80000)
  from space 68608K, 0% used [0x00000000eff80000,0x00000000eff80000,0x00000000f4280000)
  to   space 67584K, 0% used [0x00000000fa980000,0x00000000fa980000,0x00000000feb80000)
 ParOldGen       total 471552K, used 178813K [0x00000000a0000000, 0x00000000bcc80000, 0x00000000e0000000)
  object space 471552K, 37% used [0x00000000a0000000,0x00000000aae9f640,0x00000000bcc80000)
 Metaspace       used 77166K, capacity 80244K, committed 80728K, reserved 1120256K
  class space    used 10109K, capacity 10759K, committed 10880K, reserved 1048576K
Event: 24.591 GC heap after
Heap after GC invocations=20 (full 4):
 PSYoungGen      total 415232K, used 18683K [0x00000000e0000000, 0x00000000fde80000, 0x0000000100000000)
  eden space 360960K, 0% used [0x00000000e0000000,0x00000000e0000000,0x00000000f6080000)
  from space 54272K, 34% used [0x00000000fa980000,0x00000000fbbbeca0,0x00000000fde80000)
  to   space 64512K, 0% used [0x00000000f6080000,0x00000000f6080000,0x00000000f9f80000)
 ParOldGen       total 471552K, used 178821K [0x00000000a0000000, 0x00000000bcc80000, 0x00000000e0000000)
  object space 471552K, 37% used [0x00000000a0000000,0x00000000aaea1640,0x00000000bcc80000)
 Metaspace       used 77166K, capacity 80244K, committed 80728K, reserved 1120256K
  class space    used 10109K, capacity 10759K, committed 10880K, reserved 1048576K
}
Event: 26.288 GC heap before
{Heap before GC invocations=21 (full 4):
 PSYoungGen      total 415232K, used 379643K [0x00000000e0000000, 0x00000000fde80000, 0x0000000100000000)
  eden space 360960K, 100% used [0x00000000e0000000,0x00000000f6080000,0x00000000f6080000)
  from space 54272K, 34% used [0x00000000fa980000,0x00000000fbbbeca0,0x00000000fde80000)
  to   space 64512K, 0% used [0x00000000f6080000,0x00000000f6080000,0x00000000f9f80000)
 ParOldGen       total 471552K, used 178821K [0x00000000a0000000, 0x00000000bcc80000, 0x00000000e0000000)
  object space 471552K, 37% used [0x00000000a0000000,0x00000000aaea1640,0x00000000bcc80000)
 Metaspace       used 77433K, capacity 80492K, committed 80728K, reserved 1120256K
  class space    used 10125K, capacity 10769K, committed 10880K, reserved 1048576K
Event: 26.329 GC heap after
Heap after GC invocations=21 (full 4):
 PSYoungGen      total 425472K, used 10317K [0x00000000e0000000, 0x0000000100000000, 0x0000000100000000)
  eden space 360960K, 0% used [0x00000000e0000000,0x00000000e0000000,0x00000000f6080000)
  from space 64512K, 15% used [0x00000000f6080000,0x00000000f6a93428,0x00000000f9f80000)
  to   space 62976K, 0% used [0x00000000fc280000,0x00000000fc280000,0x0000000100000000)
 ParOldGen       total 471552K, used 181675K [0x00000000a0000000, 0x00000000bcc80000, 0x00000000e0000000)
  object space 471552K, 38% used [0x00000000a0000000,0x00000000ab16ac90,0x00000000bcc80000)
 Metaspace       used 77433K, capacity 80492K, committed 80728K, reserved 1120256K
  class space    used 10125K, capacity 10769K, committed 10880K, reserved 1048576K
}

