# JRE version: OpenJDK Runtime Environment (8.0_202-b03) (build 1.8.0_202-release-1483-b03)
# Java VM: OpenJDK 64-Bit Server VM (25.202-b03 mixed mode windows-amd64 compressed oops)
Heap:
 PSYoungGen      total 458752K, used 256170K [0x00000000e0000000, 0x0000000100000000, 0x0000000100000000)
  eden space 415744K, 51% used [0x00000000e0000000,0x00000000ed0a5538,0x00000000f9600000)
  from space 43008K, 98% used [0x00000000f9600000,0x00000000fbf85610,0x00000000fc000000)
  to   space 57344K, 0% used [0x00000000fc800000,0x00000000fc800000,0x0000000100000000)
 ParOldGen       total 387072K, used 82336K [0x00000000a0000000, 0x00000000b7a00000, 0x00000000e0000000)
  object space 387072K, 21% used [0x00000000a0000000,0x00000000a50683b0,0x00000000b7a00000)
 Metaspace       used 97372K, capacity 104318K, committed 104472K, reserved 1140736K
  class space    used 12274K, capacity 13486K, committed 13608K, reserved 1048576K
GC Heap History (10 events):
Event: 1974.373 GC heap before
{Heap before GC invocations=41 (full 4):
 PSYoungGen      total 463872K, used 437145K [0x00000000e0000000, 0x00000000ff400000, 0x0000000100000000)
  eden space 420864K, 99% used [0x00000000e0000000,0x00000000f98e34a0,0x00000000f9b00000)
  from space 43008K, 42% used [0x00000000fca00000,0x00000000fdc03238,0x00000000ff400000)
  to   space 45568K, 0% used [0x00000000f9b00000,0x00000000f9b00000,0x00000000fc780000)
 ParOldGen       total 387072K, used 73418K [0x00000000a0000000, 0x00000000b7a00000, 0x00000000e0000000)
  object space 387072K, 18% used [0x00000000a0000000,0x00000000a47b2a08,0x00000000b7a00000)
 Metaspace       used 96597K, capacity 103422K, committed 103576K, reserved 1138688K
  class space    used 12209K, capacity 13428K, committed 13480K, reserved 1048576K
Event: 1974.387 GC heap after
Heap after GC invocations=41 (full 4):
 PSYoungGen      total 466432K, used 22532K [0x00000000e0000000, 0x00000000ff480000, 0x0000000100000000)
  eden space 420864K, 0% used [0x00000000e0000000,0x00000000e0000000,0x00000000f9b00000)
  from space 45568K, 49% used [0x00000000f9b00000,0x00000000fb101098,0x00000000fc780000)
  to   space 43520K, 0% used [0x00000000fca00000,0x00000000fca00000,0x00000000ff480000)
 ParOldGen       total 387072K, used 76430K [0x00000000a0000000, 0x00000000b7a00000, 0x00000000e0000000)
  object space 387072K, 19% used [0x00000000a0000000,0x00000000a4aa38d8,0x00000000b7a00000)
 Metaspace       used 96597K, capacity 103422K, committed 103576K, reserved 1138688K
  class space    used 12209K, capacity 13428K, committed 13480K, reserved 1048576K
}
Event: 2081.839 GC heap before
{Heap before GC invocations=42 (full 4):
 PSYoungGen      total 466432K, used 443396K [0x00000000e0000000, 0x00000000ff480000, 0x0000000100000000)
  eden space 420864K, 100% used [0x00000000e0000000,0x00000000f9b00000,0x00000000f9b00000)
  from space 45568K, 49% used [0x00000000f9b00000,0x00000000fb101098,0x00000000fc780000)
  to   space 43520K, 0% used [0x00000000fca00000,0x00000000fca00000,0x00000000ff480000)
 ParOldGen       total 387072K, used 76430K [0x00000000a0000000, 0x00000000b7a00000, 0x00000000e0000000)
  object space 387072K, 19% used [0x00000000a0000000,0x00000000a4aa38d8,0x00000000b7a00000)
 Metaspace       used 96704K, capacity 103650K, committed 103832K, reserved 1140736K
  class space    used 12212K, capacity 13432K, committed 13480K, reserved 1048576K
Event: 2081.861 GC heap after
Heap after GC invocations=42 (full 4):
 PSYoungGen      total 460800K, used 43510K [0x00000000e0000000, 0x0000000100000000, 0x0000000100000000)
  eden space 417280K, 0% used [0x00000000e0000000,0x00000000e0000000,0x00000000f9780000)
  from space 43520K, 99% used [0x00000000fca00000,0x00000000ff47da50,0x00000000ff480000)
  to   space 51712K, 0% used [0x00000000f9780000,0x00000000f9780000,0x00000000fca00000)
 ParOldGen       total 387072K, used 81888K [0x00000000a0000000, 0x00000000b7a00000, 0x00000000e0000000)
  object space 387072K, 21% used [0x00000000a0000000,0x00000000a4ff8350,0x00000000b7a00000)
 Metaspace       used 96704K, capacity 103650K, committed 103832K, reserved 1140736K
  class space    used 12212K, capacity 13432K, committed 13480K, reserved 1048576K
}
Event: 2236.875 GC heap before
{Heap before GC invocations=43 (full 4):
 PSYoungGen      total 460800K, used 460790K [0x00000000e0000000, 0x0000000100000000, 0x0000000100000000)
  eden space 417280K, 100% used [0x00000000e0000000,0x00000000f9780000,0x00000000f9780000)
  from space 43520K, 99% used [0x00000000fca00000,0x00000000ff47da50,0x00000000ff480000)
  to   space 51712K, 0% used [0x00000000f9780000,0x00000000f9780000,0x00000000fca00000)
 ParOldGen       total 387072K, used 81888K [0x00000000a0000000, 0x00000000b7a00000, 0x00000000e0000000)
  object space 387072K, 21% used [0x00000000a0000000,0x00000000a4ff8350,0x00000000b7a00000)
 Metaspace       used 96804K, capacity 103730K, committed 103832K, reserved 1140736K
  class space    used 12213K, capacity 13432K, committed 13480K, reserved 1048576K
Event: 2236.890 GC heap after
Heap after GC invocations=43 (full 4):
 PSYoungGen      total 468992K, used 35312K [0x00000000e0000000, 0x0000000100000000, 0x0000000100000000)
  eden space 417280K, 0% used [0x00000000e0000000,0x00000000e0000000,0x00000000f9780000)
  from space 51712K, 68% used [0x00000000f9780000,0x00000000fb9fc0d0,0x00000000fca00000)
  to   space 53248K, 0% used [0x00000000fcc00000,0x00000000fcc00000,0x0000000100000000)
 ParOldGen       total 387072K, used 82216K [0x00000000a0000000, 0x00000000b7a00000, 0x00000000e0000000)
  object space 387072K, 21% used [0x00000000a0000000,0x00000000a504a380,0x00000000b7a00000)
 Metaspace       used 96804K, capacity 103730K, committed 103832K, reserved 1140736K
  class space    used 12213K, capacity 13432K, committed 13480K, reserved 1048576K
}
Event: 2549.017 GC heap before
{Heap before GC invocations=44 (full 4):
 PSYoungGen      total 468992K, used 452592K [0x00000000e0000000, 0x0000000100000000, 0x0000000100000000)
  eden space 417280K, 100% used [0x00000000e0000000,0x00000000f9780000,0x00000000f9780000)
  from space 51712K, 68% used [0x00000000f9780000,0x00000000fb9fc0d0,0x00000000fca00000)
  to   space 53248K, 0% used [0x00000000fcc00000,0x00000000fcc00000,0x0000000100000000)
 ParOldGen       total 387072K, used 82216K [0x00000000a0000000, 0x00000000b7a00000, 0x00000000e0000000)
  object space 387072K, 21% used [0x00000000a0000000,0x00000000a504a380,0x00000000b7a00000)
 Metaspace       used 97116K, capacity 104080K, committed 104344K, reserved 1140736K
  class space    used 12237K, capacity 13437K, committed 13480K, reserved 1048576K
Event: 2549.036 GC heap after
Heap after GC invocations=44 (full 4):
 PSYoungGen      total 468992K, used 35477K [0x00000000e0000000, 0x0000000100000000, 0x0000000100000000)
  eden space 415744K, 0% used [0x00000000e0000000,0x00000000e0000000,0x00000000f9600000)
  from space 53248K, 66% used [0x00000000fcc00000,0x00000000feea56b0,0x0000000100000000)
  to   space 54272K, 0% used [0x00000000f9600000,0x00000000f9600000,0x00000000fcb00000)
 ParOldGen       total 387072K, used 82216K [0x00000000a0000000, 0x00000000b7a00000, 0x00000000e0000000)
  object space 387072K, 21% used [0x00000000a0000000,0x00000000a504a380,0x00000000b7a00000)
 Metaspace       used 97116K, capacity 104080K, committed 104344K, reserved 1140736K
  class space    used 12237K, capacity 13437K, committed 13480K, reserved 1048576K
}
Event: 2550.911 GC heap before
{Heap before GC invocations=45 (full 4):
 PSYoungGen      total 468992K, used 451007K [0x00000000e0000000, 0x0000000100000000, 0x0000000100000000)
  eden space 415744K, 99% used [0x00000000e0000000,0x00000000f95ca630,0x00000000f9600000)
  from space 53248K, 66% used [0x00000000fcc00000,0x00000000feea56b0,0x0000000100000000)
  to   space 54272K, 0% used [0x00000000f9600000,0x00000000f9600000,0x00000000fcb00000)
 ParOldGen       total 387072K, used 82216K [0x00000000a0000000, 0x00000000b7a00000, 0x00000000e0000000)
  object space 387072K, 21% used [0x00000000a0000000,0x00000000a504a380,0x00000000b7a00000)
 Metaspace       used 97321K, capacity 104312K, committed 104472K, reserved 1140736K
  class space    used 12265K, capacity 13485K, committed 13608K, reserved 1048576K
Event: 2550.933 GC heap after
Heap after GC invocations=45 (full 4):
 PSYoungGen      total 458752K, used 42517K [0x00000000e0000000, 0x0000000100000000, 0x0000000100000000)
  eden space 415744K, 0% used [0x00000000e0000000,0x00000000e0000000,0x00000000f9600000)
  from space 43008K, 98% used [0x00000000f9600000,0x00000000fbf85610,0x00000000fc000000)
  to   space 57344K, 0% used [0x00000000fc800000,0x00000000fc800000,0x0000000100000000)
 ParOldGen       total 387072K, used 82336K [0x00000000a0000000, 0x00000000b7a00000, 0x00000000e0000000)
  object space 387072K, 21% used [0x00000000a0000000,0x00000000a50683b0,0x00000000b7a00000)
 Metaspace       used 97321K, capacity 104312K, committed 104472K, reserved 1140736K
  class space    used 12265K, capacity 13485K, committed 13608K, reserved 1048576K
}

