# JRE version: OpenJDK Runtime Environment (8.0_202-b03) (build 1.8.0_202-release-1483-b03)
# Java VM: OpenJDK 64-Bit Server VM (25.202-b03 mixed mode windows-amd64 compressed oops)
Heap:
 PSYoungGen      total 282624K, used 65602K [0x00000000e0000000, 0x00000000f2b00000, 0x0000000100000000)
  eden space 259072K, 18% used [0x00000000e0000000,0x00000000e2e99298,0x00000000efd00000)
  from space 23552K, 75% used [0x00000000efd00000,0x00000000f0e77860,0x00000000f1400000)
  to   space 19968K, 0% used [0x00000000f1780000,0x00000000f1780000,0x00000000f2b00000)
 ParOldGen       total 217088K, used 36780K [0x00000000a0000000, 0x00000000ad400000, 0x00000000e0000000)
  object space 217088K, 16% used [0x00000000a0000000,0x00000000a23eb2e0,0x00000000ad400000)
 Metaspace       used 66587K, capacity 69562K, committed 69672K, reserved 1110016K
  class space    used 9034K, capacity 9728K, committed 9768K, reserved 1048576K
GC Heap History (10 events):
Event: 5.506 GC heap before
{Heap before GC invocations=8 (full 2):
 PSYoungGen      total 189440K, used 9200K [0x00000000e0000000, 0x00000000efe00000, 0x0000000100000000)
  eden space 174080K, 0% used [0x00000000e0000000,0x00000000e0000000,0x00000000eaa00000)
  from space 15360K, 59% used [0x00000000eb880000,0x00000000ec17c010,0x00000000ec780000)
  to   space 14848K, 0% used [0x00000000eaa00000,0x00000000eaa00000,0x00000000eb880000)
 ParOldGen       total 106496K, used 14170K [0x00000000a0000000, 0x00000000a6800000, 0x00000000e0000000)
  object space 106496K, 13% used [0x00000000a0000000,0x00000000a0dd6a10,0x00000000a6800000)
 Metaspace       used 34504K, capacity 35480K, committed 35496K, reserved 1079296K
  class space    used 4772K, capacity 5022K, committed 5032K, reserved 1048576K
Event: 5.625 GC heap after
Heap after GC invocations=8 (full 2):
 PSYoungGen      total 189440K, used 0K [0x00000000e0000000, 0x00000000efe00000, 0x0000000100000000)
  eden space 174080K, 0% used [0x00000000e0000000,0x00000000e0000000,0x00000000eaa00000)
  from space 15360K, 0% used [0x00000000eb880000,0x00000000eb880000,0x00000000ec780000)
  to   space 14848K, 0% used [0x00000000eaa00000,0x00000000eaa00000,0x00000000eb880000)
 ParOldGen       total 152064K, used 16337K [0x00000000a0000000, 0x00000000a9480000, 0x00000000e0000000)
  object space 152064K, 10% used [0x00000000a0000000,0x00000000a0ff4700,0x00000000a9480000)
 Metaspace       used 34504K, capacity 35480K, committed 35496K, reserved 1079296K
  class space    used 4772K, capacity 5022K, committed 5032K, reserved 1048576K
}
Event: 7.825 GC heap before
{Heap before GC invocations=9 (full 2):
 PSYoungGen      total 189440K, used 174080K [0x00000000e0000000, 0x00000000efe00000, 0x0000000100000000)
  eden space 174080K, 100% used [0x00000000e0000000,0x00000000eaa00000,0x00000000eaa00000)
  from space 15360K, 0% used [0x00000000eb880000,0x00000000eb880000,0x00000000ec780000)
  to   space 14848K, 0% used [0x00000000eaa00000,0x00000000eaa00000,0x00000000eb880000)
 ParOldGen       total 152064K, used 16337K [0x00000000a0000000, 0x00000000a9480000, 0x00000000e0000000)
  object space 152064K, 10% used [0x00000000a0000000,0x00000000a0ff4700,0x00000000a9480000)
 Metaspace       used 49243K, capacity 50896K, committed 51240K, reserved 1093632K
  class space    used 6682K, capacity 7096K, committed 7208K, reserved 1048576K
Event: 7.855 GC heap after
Heap after GC invocations=9 (full 2):
 PSYoungGen      total 188928K, used 14838K [0x00000000e0000000, 0x00000000f2b00000, 0x0000000100000000)
  eden space 174080K, 0% used [0x00000000e0000000,0x00000000e0000000,0x00000000eaa00000)
  from space 14848K, 99% used [0x00000000eaa00000,0x00000000eb87d908,0x00000000eb880000)
  to   space 19968K, 0% used [0x00000000f1780000,0x00000000f1780000,0x00000000f2b00000)
 ParOldGen       total 152064K, used 22439K [0x00000000a0000000, 0x00000000a9480000, 0x00000000e0000000)
  object space 152064K, 14% used [0x00000000a0000000,0x00000000a15e9eb0,0x00000000a9480000)
 Metaspace       used 49243K, capacity 50896K, committed 51240K, reserved 1093632K
  class space    used 6682K, capacity 7096K, committed 7208K, reserved 1048576K
}
Event: 8.818 GC heap before
{Heap before GC invocations=10 (full 2):
 PSYoungGen      total 188928K, used 129953K [0x00000000e0000000, 0x00000000f2b00000, 0x0000000100000000)
  eden space 174080K, 66% used [0x00000000e0000000,0x00000000e706ada0,0x00000000eaa00000)
  from space 14848K, 99% used [0x00000000eaa00000,0x00000000eb87d908,0x00000000eb880000)
  to   space 19968K, 0% used [0x00000000f1780000,0x00000000f1780000,0x00000000f2b00000)
 ParOldGen       total 152064K, used 22439K [0x00000000a0000000, 0x00000000a9480000, 0x00000000e0000000)
  object space 152064K, 14% used [0x00000000a0000000,0x00000000a15e9eb0,0x00000000a9480000)
 Metaspace       used 56971K, capacity 59090K, committed 59160K, reserved 1099776K
  class space    used 7810K, capacity 8308K, committed 8360K, reserved 1048576K
Event: 8.830 GC heap after
Heap after GC invocations=10 (full 2):
 PSYoungGen      total 279040K, used 19959K [0x00000000e0000000, 0x00000000f2b00000, 0x0000000100000000)
  eden space 259072K, 0% used [0x00000000e0000000,0x00000000e0000000,0x00000000efd00000)
  from space 19968K, 99% used [0x00000000f1780000,0x00000000f2afded0,0x00000000f2b00000)
  to   space 23552K, 0% used [0x00000000efd00000,0x00000000efd00000,0x00000000f1400000)
 ParOldGen       total 152064K, used 24854K [0x00000000a0000000, 0x00000000a9480000, 0x00000000e0000000)
  object space 152064K, 16% used [0x00000000a0000000,0x00000000a1845a90,0x00000000a9480000)
 Metaspace       used 56971K, capacity 59090K, committed 59160K, reserved 1099776K
  class space    used 7810K, capacity 8308K, committed 8360K, reserved 1048576K
}
Event: 8.830 GC heap before
{Heap before GC invocations=11 (full 3):
 PSYoungGen      total 279040K, used 19959K [0x00000000e0000000, 0x00000000f2b00000, 0x0000000100000000)
  eden space 259072K, 0% used [0x00000000e0000000,0x00000000e0000000,0x00000000efd00000)
  from space 19968K, 99% used [0x00000000f1780000,0x00000000f2afded0,0x00000000f2b00000)
  to   space 23552K, 0% used [0x00000000efd00000,0x00000000efd00000,0x00000000f1400000)
 ParOldGen       total 152064K, used 24854K [0x00000000a0000000, 0x00000000a9480000, 0x00000000e0000000)
  object space 152064K, 16% used [0x00000000a0000000,0x00000000a1845a90,0x00000000a9480000)
 Metaspace       used 56971K, capacity 59090K, committed 59160K, reserved 1099776K
  class space    used 7810K, capacity 8308K, committed 8360K, reserved 1048576K
Event: 8.949 GC heap after
Heap after GC invocations=11 (full 3):
 PSYoungGen      total 279040K, used 0K [0x00000000e0000000, 0x00000000f2b00000, 0x0000000100000000)
  eden space 259072K, 0% used [0x00000000e0000000,0x00000000e0000000,0x00000000efd00000)
  from space 19968K, 0% used [0x00000000f1780000,0x00000000f1780000,0x00000000f2b00000)
  to   space 23552K, 0% used [0x00000000efd00000,0x00000000efd00000,0x00000000f1400000)
 ParOldGen       total 217088K, used 36772K [0x00000000a0000000, 0x00000000ad400000, 0x00000000e0000000)
  object space 217088K, 16% used [0x00000000a0000000,0x00000000a23e92e0,0x00000000ad400000)
 Metaspace       used 56971K, capacity 59090K, committed 59160K, reserved 1099776K
  class space    used 7810K, capacity 8308K, committed 8360K, reserved 1048576K
}
Event: 15.313 GC heap before
{Heap before GC invocations=12 (full 3):
 PSYoungGen      total 279040K, used 259072K [0x00000000e0000000, 0x00000000f2b00000, 0x0000000100000000)
  eden space 259072K, 100% used [0x00000000e0000000,0x00000000efd00000,0x00000000efd00000)
  from space 19968K, 0% used [0x00000000f1780000,0x00000000f1780000,0x00000000f2b00000)
  to   space 23552K, 0% used [0x00000000efd00000,0x00000000efd00000,0x00000000f1400000)
 ParOldGen       total 217088K, used 36772K [0x00000000a0000000, 0x00000000ad400000, 0x00000000e0000000)
  object space 217088K, 16% used [0x00000000a0000000,0x00000000a23e92e0,0x00000000ad400000)
 Metaspace       used 65160K, capacity 67752K, committed 67880K, reserved 1107968K
  class space    used 8847K, capacity 9464K, committed 9512K, reserved 1048576K
Event: 15.341 GC heap after
Heap after GC invocations=12 (full 3):
 PSYoungGen      total 282624K, used 17886K [0x00000000e0000000, 0x00000000f2b00000, 0x0000000100000000)
  eden space 259072K, 0% used [0x00000000e0000000,0x00000000e0000000,0x00000000efd00000)
  from space 23552K, 75% used [0x00000000efd00000,0x00000000f0e77860,0x00000000f1400000)
  to   space 19968K, 0% used [0x00000000f1780000,0x00000000f1780000,0x00000000f2b00000)
 ParOldGen       total 217088K, used 36780K [0x00000000a0000000, 0x00000000ad400000, 0x00000000e0000000)
  object space 217088K, 16% used [0x00000000a0000000,0x00000000a23eb2e0,0x00000000ad400000)
 Metaspace       used 65160K, capacity 67752K, committed 67880K, reserved 1107968K
  class space    used 8847K, capacity 9464K, committed 9512K, reserved 1048576K
}

