# JRE version: OpenJDK Runtime Environment (8.0_202-b03) (build 1.8.0_202-release-1483-b03)
# Java VM: OpenJDK 64-Bit Server VM (25.202-b03 mixed mode windows-amd64 compressed oops)
Heap:
 PSYoungGen      total 404480K, used 226589K [0x00000000e0000000, 0x00000000ffd80000, 0x0000000100000000)
  eden space 317952K, 44% used [0x00000000e0000000,0x00000000e8a70600,0x00000000f3680000)
  from space 86528K, 98% used [0x00000000f9580000,0x00000000fe857128,0x00000000fea00000)
  to   space 97280K, 0% used [0x00000000f3680000,0x00000000f3680000,0x00000000f9580000)
 ParOldGen       total 437760K, used 129608K [0x00000000a0000000, 0x00000000bab80000, 0x00000000e0000000)
  object space 437760K, 29% used [0x00000000a0000000,0x00000000a7e92050,0x00000000bab80000)
 Metaspace       used 106810K, capacity 113970K, committed 114088K, reserved 1148928K
  class space    used 13416K, capacity 14728K, committed 14760K, reserved 1048576K
GC Heap History (10 events):
Event: 7477.114 GC heap before
{Heap before GC invocations=48 (full 4):
 PSYoungGen      total 271872K, used 244782K [0x00000000e0000000, 0x00000000f5d80000, 0x0000000100000000)
  eden space 210432K, 100% used [0x00000000e0000000,0x00000000ecd80000,0x00000000ecd80000)
  from space 61440K, 55% used [0x00000000ecd80000,0x00000000eef0b970,0x00000000f0980000)
  to   space 58880K, 0% used [0x00000000f2400000,0x00000000f2400000,0x00000000f5d80000)
 ParOldGen       total 437760K, used 58935K [0x00000000a0000000, 0x00000000bab80000, 0x00000000e0000000)
  object space 437760K, 13% used [0x00000000a0000000,0x00000000a398def0,0x00000000bab80000)
 Metaspace       used 106306K, capacity 113338K, committed 113576K, reserved 1148928K
  class space    used 13376K, capacity 14666K, committed 14760K, reserved 1048576K
Event: 7477.158 GC heap after
Heap after GC invocations=48 (full 4):
 PSYoungGen      total 300032K, used 39262K [0x00000000e0000000, 0x00000000f5f00000, 0x0000000100000000)
  eden space 241152K, 0% used [0x00000000e0000000,0x00000000e0000000,0x00000000eeb80000)
  from space 58880K, 66% used [0x00000000f2400000,0x00000000f4a57a30,0x00000000f5d80000)
  to   space 57856K, 0% used [0x00000000eeb80000,0x00000000eeb80000,0x00000000f2400000)
 ParOldGen       total 437760K, used 58943K [0x00000000a0000000, 0x00000000bab80000, 0x00000000e0000000)
  object space 437760K, 13% used [0x00000000a0000000,0x00000000a398fef0,0x00000000bab80000)
 Metaspace       used 106306K, capacity 113338K, committed 113576K, reserved 1148928K
  class space    used 13376K, capacity 14666K, committed 14760K, reserved 1048576K
}
Event: 7477.525 GC heap before
{Heap before GC invocations=49 (full 4):
 PSYoungGen      total 300032K, used 280414K [0x00000000e0000000, 0x00000000f5f00000, 0x0000000100000000)
  eden space 241152K, 100% used [0x00000000e0000000,0x00000000eeb80000,0x00000000eeb80000)
  from space 58880K, 66% used [0x00000000f2400000,0x00000000f4a57a30,0x00000000f5d80000)
  to   space 57856K, 0% used [0x00000000eeb80000,0x00000000eeb80000,0x00000000f2400000)
 ParOldGen       total 437760K, used 58943K [0x00000000a0000000, 0x00000000bab80000, 0x00000000e0000000)
  object space 437760K, 13% used [0x00000000a0000000,0x00000000a398fef0,0x00000000bab80000)
 Metaspace       used 106401K, capacity 113420K, committed 113576K, reserved 1148928K
  class space    used 13384K, capacity 14667K, committed 14760K, reserved 1048576K
Event: 7477.558 GC heap after
Heap after GC invocations=49 (full 4):
 PSYoungGen      total 299008K, used 34097K [0x00000000e0000000, 0x00000000f7e00000, 0x0000000100000000)
  eden space 241152K, 0% used [0x00000000e0000000,0x00000000e0000000,0x00000000eeb80000)
  from space 57856K, 58% used [0x00000000eeb80000,0x00000000f0ccc530,0x00000000f2400000)
  to   space 55808K, 0% used [0x00000000f4780000,0x00000000f4780000,0x00000000f7e00000)
 ParOldGen       total 437760K, used 58943K [0x00000000a0000000, 0x00000000bab80000, 0x00000000e0000000)
  object space 437760K, 13% used [0x00000000a0000000,0x00000000a398fef0,0x00000000bab80000)
 Metaspace       used 106401K, capacity 113420K, committed 113576K, reserved 1148928K
  class space    used 13384K, capacity 14667K, committed 14760K, reserved 1048576K
}
Event: 7478.238 GC heap before
{Heap before GC invocations=50 (full 4):
 PSYoungGen      total 299008K, used 275249K [0x00000000e0000000, 0x00000000f7e00000, 0x0000000100000000)
  eden space 241152K, 100% used [0x00000000e0000000,0x00000000eeb80000,0x00000000eeb80000)
  from space 57856K, 58% used [0x00000000eeb80000,0x00000000f0ccc530,0x00000000f2400000)
  to   space 55808K, 0% used [0x00000000f4780000,0x00000000f4780000,0x00000000f7e00000)
 ParOldGen       total 437760K, used 58943K [0x00000000a0000000, 0x00000000bab80000, 0x00000000e0000000)
  object space 437760K, 13% used [0x00000000a0000000,0x00000000a398fef0,0x00000000bab80000)
 Metaspace       used 106457K, capacity 113552K, committed 113832K, reserved 1148928K
  class space    used 13385K, capacity 14667K, committed 14760K, reserved 1048576K
Event: 7478.253 GC heap after
Heap after GC invocations=50 (full 4):
 PSYoungGen      total 330240K, used 39000K [0x00000000e0000000, 0x00000000f7b00000, 0x0000000100000000)
  eden space 277504K, 0% used [0x00000000e0000000,0x00000000e0000000,0x00000000f0f00000)
  from space 52736K, 73% used [0x00000000f4780000,0x00000000f6d960d0,0x00000000f7b00000)
  to   space 55296K, 0% used [0x00000000f0f00000,0x00000000f0f00000,0x00000000f4500000)
 ParOldGen       total 437760K, used 58951K [0x00000000a0000000, 0x00000000bab80000, 0x00000000e0000000)
  object space 437760K, 13% used [0x00000000a0000000,0x00000000a3991ef0,0x00000000bab80000)
 Metaspace       used 106457K, capacity 113552K, committed 113832K, reserved 1148928K
  class space    used 13385K, capacity 14667K, committed 14760K, reserved 1048576K
}
Event: 7478.776 GC heap before
{Heap before GC invocations=51 (full 4):
 PSYoungGen      total 330240K, used 316504K [0x00000000e0000000, 0x00000000f7b00000, 0x0000000100000000)
  eden space 277504K, 100% used [0x00000000e0000000,0x00000000f0f00000,0x00000000f0f00000)
  from space 52736K, 73% used [0x00000000f4780000,0x00000000f6d960d0,0x00000000f7b00000)
  to   space 55296K, 0% used [0x00000000f0f00000,0x00000000f0f00000,0x00000000f4500000)
 ParOldGen       total 437760K, used 58951K [0x00000000a0000000, 0x00000000bab80000, 0x00000000e0000000)
  object space 437760K, 13% used [0x00000000a0000000,0x00000000a3991ef0,0x00000000bab80000)
 Metaspace       used 106609K, capacity 113784K, committed 113832K, reserved 1148928K
  class space    used 13403K, capacity 14715K, committed 14760K, reserved 1048576K
Event: 7479.045 GC heap after
Heap after GC invocations=51 (full 4):
 PSYoungGen      total 332800K, used 55288K [0x00000000e0000000, 0x00000000fea00000, 0x0000000100000000)
  eden space 277504K, 0% used [0x00000000e0000000,0x00000000e0000000,0x00000000f0f00000)
  from space 55296K, 99% used [0x00000000f0f00000,0x00000000f44fe390,0x00000000f4500000)
  to   space 86528K, 0% used [0x00000000f9580000,0x00000000f9580000,0x00000000fea00000)
 ParOldGen       total 437760K, used 129010K [0x00000000a0000000, 0x00000000bab80000, 0x00000000e0000000)
  object space 437760K, 29% used [0x00000000a0000000,0x00000000a7dfc848,0x00000000bab80000)
 Metaspace       used 106609K, capacity 113784K, committed 113832K, reserved 1148928K
  class space    used 13403K, capacity 14715K, committed 14760K, reserved 1048576K
}
Event: 7480.816 GC heap before
{Heap before GC invocations=52 (full 4):
 PSYoungGen      total 332800K, used 332792K [0x00000000e0000000, 0x00000000fea00000, 0x0000000100000000)
  eden space 277504K, 100% used [0x00000000e0000000,0x00000000f0f00000,0x00000000f0f00000)
  from space 55296K, 99% used [0x00000000f0f00000,0x00000000f44fe390,0x00000000f4500000)
  to   space 86528K, 0% used [0x00000000f9580000,0x00000000f9580000,0x00000000fea00000)
 ParOldGen       total 437760K, used 129010K [0x00000000a0000000, 0x00000000bab80000, 0x00000000e0000000)
  object space 437760K, 29% used [0x00000000a0000000,0x00000000a7dfc848,0x00000000bab80000)
 Metaspace       used 106781K, capacity 113964K, committed 114088K, reserved 1148928K
  class space    used 13416K, capacity 14727K, committed 14760K, reserved 1048576K
Event: 7480.927 GC heap after
Heap after GC invocations=52 (full 4):
 PSYoungGen      total 404480K, used 84828K [0x00000000e0000000, 0x00000000ffd80000, 0x0000000100000000)
  eden space 317952K, 0% used [0x00000000e0000000,0x00000000e0000000,0x00000000f3680000)
  from space 86528K, 98% used [0x00000000f9580000,0x00000000fe857128,0x00000000fea00000)
  to   space 97280K, 0% used [0x00000000f3680000,0x00000000f3680000,0x00000000f9580000)
 ParOldGen       total 437760K, used 129608K [0x00000000a0000000, 0x00000000bab80000, 0x00000000e0000000)
  object space 437760K, 29% used [0x00000000a0000000,0x00000000a7e92050,0x00000000bab80000)
 Metaspace       used 106781K, capacity 113964K, committed 114088K, reserved 1148928K
  class space    used 13416K, capacity 14727K, committed 14760K, reserved 1048576K
}

